The system is: Linux - 3.13.0-24-generic - x86_64
Compiling the C compiler identification source file "CMakeCCompilerId.c" succeeded.
Compiler: /usr/bin/cc 
Build flags: 
Id flags: 

The output was:
0


Compilation of the C compiler identification source "CMakeCCompilerId.c" produced "a.out"

The C compiler identification is GNU, found in "/home/jinwei/mysql-connector-cpp/CMakeFiles/2.8.12.2/CompilerIdC/a.out"

Compiling the CXX compiler identification source file "CMakeCXXCompilerId.cpp" succeeded.
Compiler: /usr/bin/c++ 
Build flags: 
Id flags: 

The output was:
0


Compilation of the CXX compiler identification source "CMakeCXXCompilerId.cpp" produced "a.out"

The CXX compiler identification is GNU, found in "/home/jinwei/mysql-connector-cpp/CMakeFiles/2.8.12.2/CompilerIdCXX/a.out"

Determining if the C compiler works passed with the following output:
Change Dir: /home/jinwei/mysql-connector-cpp/CMakeFiles/CMakeTmp

Run Build Command:/usr/bin/make "cmTryCompileExec2148279707/fast"
/usr/bin/make -f CMakeFiles/cmTryCompileExec2148279707.dir/build.make CMakeFiles/cmTryCompileExec2148279707.dir/build
make[1]: Entering directory `/home/jinwei/mysql-connector-cpp/CMakeFiles/CMakeTmp'
/usr/bin/cmake -E cmake_progress_report /home/jinwei/mysql-connector-cpp/CMakeFiles/CMakeTmp/CMakeFiles 1
Building C object CMakeFiles/cmTryCompileExec2148279707.dir/testCCompiler.c.o
/usr/bin/cc    -o CMakeFiles/cmTryCompileExec2148279707.dir/testCCompiler.c.o   -c /home/jinwei/mysql-connector-cpp/CMakeFiles/CMakeTmp/testCCompiler.c
Linking C executable cmTryCompileExec2148279707
/usr/bin/cmake -E cmake_link_script CMakeFiles/cmTryCompileExec2148279707.dir/link.txt --verbose=1
/usr/bin/cc       CMakeFiles/cmTryCompileExec2148279707.dir/testCCompiler.c.o  -o cmTryCompileExec2148279707 -rdynamic 
make[1]: Leaving directory `/home/jinwei/mysql-connector-cpp/CMakeFiles/CMakeTmp'


Detecting C compiler ABI info compiled with the following output:
Change Dir: /home/jinwei/mysql-connector-cpp/CMakeFiles/CMakeTmp

Run Build Command:/usr/bin/make "cmTryCompileExec1470225026/fast"
/usr/bin/make -f CMakeFiles/cmTryCompileExec1470225026.dir/build.make CMakeFiles/cmTryCompileExec1470225026.dir/build
make[1]: Entering directory `/home/jinwei/mysql-connector-cpp/CMakeFiles/CMakeTmp'
/usr/bin/cmake -E cmake_progress_report /home/jinwei/mysql-connector-cpp/CMakeFiles/CMakeTmp/CMakeFiles 1
Building C object CMakeFiles/cmTryCompileExec1470225026.dir/CMakeCCompilerABI.c.o
/usr/bin/cc    -o CMakeFiles/cmTryCompileExec1470225026.dir/CMakeCCompilerABI.c.o   -c /usr/share/cmake-2.8/Modules/CMakeCCompilerABI.c
Linking C executable cmTryCompileExec1470225026
/usr/bin/cmake -E cmake_link_script CMakeFiles/cmTryCompileExec1470225026.dir/link.txt --verbose=1
/usr/bin/cc     -v CMakeFiles/cmTryCompileExec1470225026.dir/CMakeCCompilerABI.c.o  -o cmTryCompileExec1470225026 -rdynamic  
Using built-in specs.
COLLECT_GCC=/usr/bin/cc
COLLECT_LTO_WRAPPER=/usr/lib/gcc/x86_64-linux-gnu/4.8/lto-wrapper
Target: x86_64-linux-gnu
Configured with: ../src/configure -v --with-pkgversion='Ubuntu 4.8.2-19ubuntu1' --with-bugurl=file:///usr/share/doc/gcc-4.8/README.Bugs --enable-languages=c,c++,java,go,d,fortran,objc,obj-c++ --prefix=/usr --program-suffix=-4.8 --enable-shared --enable-linker-build-id --libexecdir=/usr/lib --without-included-gettext --enable-threads=posix --with-gxx-include-dir=/usr/include/c++/4.8 --libdir=/usr/lib --enable-nls --with-sysroot=/ --enable-clocale=gnu --enable-libstdcxx-debug --enable-libstdcxx-time=yes --enable-gnu-unique-object --disable-libmudflap --enable-plugin --with-system-zlib --disable-browser-plugin --enable-java-awt=gtk --enable-gtk-cairo --with-java-home=/usr/lib/jvm/java-1.5.0-gcj-4.8-amd64/jre --enable-java-home --with-jvm-root-dir=/usr/lib/jvm/java-1.5.0-gcj-4.8-amd64 --with-jvm-jar-dir=/usr/lib/jvm-exports/java-1.5.0-gcj-4.8-amd64 --with-arch-directory=amd64 --with-ecj-jar=/usr/share/java/eclipse-ecj.jar --enable-objc-gc --enable-multiarch --disable-werror --with-arch-32=i686 --with-abi=m64 --with-multilib-list=m32,m64,mx32 --with-tune=generic --enable-checking=release --build=x86_64-linux-gnu --host=x86_64-linux-gnu --target=x86_64-linux-gnu
Thread model: posix
gcc version 4.8.2 (Ubuntu 4.8.2-19ubuntu1) 
COMPILER_PATH=/usr/lib/gcc/x86_64-linux-gnu/4.8/:/usr/lib/gcc/x86_64-linux-gnu/4.8/:/usr/lib/gcc/x86_64-linux-gnu/:/usr/lib/gcc/x86_64-linux-gnu/4.8/:/usr/lib/gcc/x86_64-linux-gnu/
LIBRARY_PATH=/usr/lib/gcc/x86_64-linux-gnu/4.8/:/usr/lib/gcc/x86_64-linux-gnu/4.8/../../../x86_64-linux-gnu/:/usr/lib/gcc/x86_64-linux-gnu/4.8/../../../../lib/:/lib/x86_64-linux-gnu/:/lib/../lib/:/usr/lib/x86_64-linux-gnu/:/usr/lib/../lib/:/usr/lib/gcc/x86_64-linux-gnu/4.8/../../../:/lib/:/usr/lib/
COLLECT_GCC_OPTIONS='-v' '-o' 'cmTryCompileExec1470225026' '-rdynamic' '-mtune=generic' '-march=x86-64'
 /usr/lib/gcc/x86_64-linux-gnu/4.8/collect2 --sysroot=/ --build-id --eh-frame-hdr -m elf_x86_64 --hash-style=gnu --as-needed -export-dynamic -dynamic-linker /lib64/ld-linux-x86-64.so.2 -z relro -o cmTryCompileExec1470225026 /usr/lib/gcc/x86_64-linux-gnu/4.8/../../../x86_64-linux-gnu/crt1.o /usr/lib/gcc/x86_64-linux-gnu/4.8/../../../x86_64-linux-gnu/crti.o /usr/lib/gcc/x86_64-linux-gnu/4.8/crtbegin.o -L/usr/lib/gcc/x86_64-linux-gnu/4.8 -L/usr/lib/gcc/x86_64-linux-gnu/4.8/../../../x86_64-linux-gnu -L/usr/lib/gcc/x86_64-linux-gnu/4.8/../../../../lib -L/lib/x86_64-linux-gnu -L/lib/../lib -L/usr/lib/x86_64-linux-gnu -L/usr/lib/../lib -L/usr/lib/gcc/x86_64-linux-gnu/4.8/../../.. CMakeFiles/cmTryCompileExec1470225026.dir/CMakeCCompilerABI.c.o -lgcc --as-needed -lgcc_s --no-as-needed -lc -lgcc --as-needed -lgcc_s --no-as-needed /usr/lib/gcc/x86_64-linux-gnu/4.8/crtend.o /usr/lib/gcc/x86_64-linux-gnu/4.8/../../../x86_64-linux-gnu/crtn.o
make[1]: Leaving directory `/home/jinwei/mysql-connector-cpp/CMakeFiles/CMakeTmp'


Parsed C implicit link information from above output:
  link line regex: [^( *|.*[/\])(ld|([^/\]+-)?ld|collect2)[^/\]*( |$)]
  ignore line: [Change Dir: /home/jinwei/mysql-connector-cpp/CMakeFiles/CMakeTmp]
  ignore line: []
  ignore line: [Run Build Command:/usr/bin/make "cmTryCompileExec1470225026/fast"]
  ignore line: [/usr/bin/make -f CMakeFiles/cmTryCompileExec1470225026.dir/build.make CMakeFiles/cmTryCompileExec1470225026.dir/build]
  ignore line: [make[1]: Entering directory `/home/jinwei/mysql-connector-cpp/CMakeFiles/CMakeTmp']
  ignore line: [/usr/bin/cmake -E cmake_progress_report /home/jinwei/mysql-connector-cpp/CMakeFiles/CMakeTmp/CMakeFiles 1]
  ignore line: [Building C object CMakeFiles/cmTryCompileExec1470225026.dir/CMakeCCompilerABI.c.o]
  ignore line: [/usr/bin/cc    -o CMakeFiles/cmTryCompileExec1470225026.dir/CMakeCCompilerABI.c.o   -c /usr/share/cmake-2.8/Modules/CMakeCCompilerABI.c]
  ignore line: [Linking C executable cmTryCompileExec1470225026]
  ignore line: [/usr/bin/cmake -E cmake_link_script CMakeFiles/cmTryCompileExec1470225026.dir/link.txt --verbose=1]
  ignore line: [/usr/bin/cc     -v CMakeFiles/cmTryCompileExec1470225026.dir/CMakeCCompilerABI.c.o  -o cmTryCompileExec1470225026 -rdynamic  ]
  ignore line: [Using built-in specs.]
  ignore line: [COLLECT_GCC=/usr/bin/cc]
  ignore line: [COLLECT_LTO_WRAPPER=/usr/lib/gcc/x86_64-linux-gnu/4.8/lto-wrapper]
  ignore line: [Target: x86_64-linux-gnu]
  ignore line: [Configured with: ../src/configure -v --with-pkgversion='Ubuntu 4.8.2-19ubuntu1' --with-bugurl=file:///usr/share/doc/gcc-4.8/README.Bugs --enable-languages=c,c++,java,go,d,fortran,objc,obj-c++ --prefix=/usr --program-suffix=-4.8 --enable-shared --enable-linker-build-id --libexecdir=/usr/lib --without-included-gettext --enable-threads=posix --with-gxx-include-dir=/usr/include/c++/4.8 --libdir=/usr/lib --enable-nls --with-sysroot=/ --enable-clocale=gnu --enable-libstdcxx-debug --enable-libstdcxx-time=yes --enable-gnu-unique-object --disable-libmudflap --enable-plugin --with-system-zlib --disable-browser-plugin --enable-java-awt=gtk --enable-gtk-cairo --with-java-home=/usr/lib/jvm/java-1.5.0-gcj-4.8-amd64/jre --enable-java-home --with-jvm-root-dir=/usr/lib/jvm/java-1.5.0-gcj-4.8-amd64 --with-jvm-jar-dir=/usr/lib/jvm-exports/java-1.5.0-gcj-4.8-amd64 --with-arch-directory=amd64 --with-ecj-jar=/usr/share/java/eclipse-ecj.jar --enable-objc-gc --enable-multiarch --disable-werror --with-arch-32=i686 --with-abi=m64 --with-multilib-list=m32,m64,mx32 --with-tune=generic --enable-checking=release --build=x86_64-linux-gnu --host=x86_64-linux-gnu --target=x86_64-linux-gnu]
  ignore line: [Thread model: posix]
  ignore line: [gcc version 4.8.2 (Ubuntu 4.8.2-19ubuntu1) ]
  ignore line: [COMPILER_PATH=/usr/lib/gcc/x86_64-linux-gnu/4.8/:/usr/lib/gcc/x86_64-linux-gnu/4.8/:/usr/lib/gcc/x86_64-linux-gnu/:/usr/lib/gcc/x86_64-linux-gnu/4.8/:/usr/lib/gcc/x86_64-linux-gnu/]
  ignore line: [LIBRARY_PATH=/usr/lib/gcc/x86_64-linux-gnu/4.8/:/usr/lib/gcc/x86_64-linux-gnu/4.8/../../../x86_64-linux-gnu/:/usr/lib/gcc/x86_64-linux-gnu/4.8/../../../../lib/:/lib/x86_64-linux-gnu/:/lib/../lib/:/usr/lib/x86_64-linux-gnu/:/usr/lib/../lib/:/usr/lib/gcc/x86_64-linux-gnu/4.8/../../../:/lib/:/usr/lib/]
  ignore line: [COLLECT_GCC_OPTIONS='-v' '-o' 'cmTryCompileExec1470225026' '-rdynamic' '-mtune=generic' '-march=x86-64']
  link line: [ /usr/lib/gcc/x86_64-linux-gnu/4.8/collect2 --sysroot=/ --build-id --eh-frame-hdr -m elf_x86_64 --hash-style=gnu --as-needed -export-dynamic -dynamic-linker /lib64/ld-linux-x86-64.so.2 -z relro -o cmTryCompileExec1470225026 /usr/lib/gcc/x86_64-linux-gnu/4.8/../../../x86_64-linux-gnu/crt1.o /usr/lib/gcc/x86_64-linux-gnu/4.8/../../../x86_64-linux-gnu/crti.o /usr/lib/gcc/x86_64-linux-gnu/4.8/crtbegin.o -L/usr/lib/gcc/x86_64-linux-gnu/4.8 -L/usr/lib/gcc/x86_64-linux-gnu/4.8/../../../x86_64-linux-gnu -L/usr/lib/gcc/x86_64-linux-gnu/4.8/../../../../lib -L/lib/x86_64-linux-gnu -L/lib/../lib -L/usr/lib/x86_64-linux-gnu -L/usr/lib/../lib -L/usr/lib/gcc/x86_64-linux-gnu/4.8/../../.. CMakeFiles/cmTryCompileExec1470225026.dir/CMakeCCompilerABI.c.o -lgcc --as-needed -lgcc_s --no-as-needed -lc -lgcc --as-needed -lgcc_s --no-as-needed /usr/lib/gcc/x86_64-linux-gnu/4.8/crtend.o /usr/lib/gcc/x86_64-linux-gnu/4.8/../../../x86_64-linux-gnu/crtn.o]
    arg [/usr/lib/gcc/x86_64-linux-gnu/4.8/collect2] ==> ignore
    arg [--sysroot=/] ==> ignore
    arg [--build-id] ==> ignore
    arg [--eh-frame-hdr] ==> ignore
    arg [-m] ==> ignore
    arg [elf_x86_64] ==> ignore
    arg [--hash-style=gnu] ==> ignore
    arg [--as-needed] ==> ignore
    arg [-export-dynamic] ==> ignore
    arg [-dynamic-linker] ==> ignore
    arg [/lib64/ld-linux-x86-64.so.2] ==> ignore
    arg [-zrelro] ==> ignore
    arg [-o] ==> ignore
    arg [cmTryCompileExec1470225026] ==> ignore
    arg [/usr/lib/gcc/x86_64-linux-gnu/4.8/../../../x86_64-linux-gnu/crt1.o] ==> ignore
    arg [/usr/lib/gcc/x86_64-linux-gnu/4.8/../../../x86_64-linux-gnu/crti.o] ==> ignore
    arg [/usr/lib/gcc/x86_64-linux-gnu/4.8/crtbegin.o] ==> ignore
    arg [-L/usr/lib/gcc/x86_64-linux-gnu/4.8] ==> dir [/usr/lib/gcc/x86_64-linux-gnu/4.8]
    arg [-L/usr/lib/gcc/x86_64-linux-gnu/4.8/../../../x86_64-linux-gnu] ==> dir [/usr/lib/gcc/x86_64-linux-gnu/4.8/../../../x86_64-linux-gnu]
    arg [-L/usr/lib/gcc/x86_64-linux-gnu/4.8/../../../../lib] ==> dir [/usr/lib/gcc/x86_64-linux-gnu/4.8/../../../../lib]
    arg [-L/lib/x86_64-linux-gnu] ==> dir [/lib/x86_64-linux-gnu]
    arg [-L/lib/../lib] ==> dir [/lib/../lib]
    arg [-L/usr/lib/x86_64-linux-gnu] ==> dir [/usr/lib/x86_64-linux-gnu]
    arg [-L/usr/lib/../lib] ==> dir [/usr/lib/../lib]
    arg [-L/usr/lib/gcc/x86_64-linux-gnu/4.8/../../..] ==> dir [/usr/lib/gcc/x86_64-linux-gnu/4.8/../../..]
    arg [CMakeFiles/cmTryCompileExec1470225026.dir/CMakeCCompilerABI.c.o] ==> ignore
    arg [-lgcc] ==> lib [gcc]
    arg [--as-needed] ==> ignore
    arg [-lgcc_s] ==> lib [gcc_s]
    arg [--no-as-needed] ==> ignore
    arg [-lc] ==> lib [c]
    arg [-lgcc] ==> lib [gcc]
    arg [--as-needed] ==> ignore
    arg [-lgcc_s] ==> lib [gcc_s]
    arg [--no-as-needed] ==> ignore
    arg [/usr/lib/gcc/x86_64-linux-gnu/4.8/crtend.o] ==> ignore
    arg [/usr/lib/gcc/x86_64-linux-gnu/4.8/../../../x86_64-linux-gnu/crtn.o] ==> ignore
  remove lib [gcc]
  remove lib [gcc_s]
  remove lib [gcc]
  remove lib [gcc_s]
  collapse library dir [/usr/lib/gcc/x86_64-linux-gnu/4.8] ==> [/usr/lib/gcc/x86_64-linux-gnu/4.8]
  collapse library dir [/usr/lib/gcc/x86_64-linux-gnu/4.8/../../../x86_64-linux-gnu] ==> [/usr/lib/x86_64-linux-gnu]
  collapse library dir [/usr/lib/gcc/x86_64-linux-gnu/4.8/../../../../lib] ==> [/usr/lib]
  collapse library dir [/lib/x86_64-linux-gnu] ==> [/lib/x86_64-linux-gnu]
  collapse library dir [/lib/../lib] ==> [/lib]
  collapse library dir [/usr/lib/x86_64-linux-gnu] ==> [/usr/lib/x86_64-linux-gnu]
  collapse library dir [/usr/lib/../lib] ==> [/usr/lib]
  collapse library dir [/usr/lib/gcc/x86_64-linux-gnu/4.8/../../..] ==> [/usr/lib]
  implicit libs: [c]
  implicit dirs: [/usr/lib/gcc/x86_64-linux-gnu/4.8;/usr/lib/x86_64-linux-gnu;/usr/lib;/lib/x86_64-linux-gnu;/lib]
  implicit fwks: []


Determining if the CXX compiler works passed with the following output:
Change Dir: /home/jinwei/mysql-connector-cpp/CMakeFiles/CMakeTmp

Run Build Command:/usr/bin/make "cmTryCompileExec1945237023/fast"
/usr/bin/make -f CMakeFiles/cmTryCompileExec1945237023.dir/build.make CMakeFiles/cmTryCompileExec1945237023.dir/build
make[1]: Entering directory `/home/jinwei/mysql-connector-cpp/CMakeFiles/CMakeTmp'
/usr/bin/cmake -E cmake_progress_report /home/jinwei/mysql-connector-cpp/CMakeFiles/CMakeTmp/CMakeFiles 1
Building CXX object CMakeFiles/cmTryCompileExec1945237023.dir/testCXXCompiler.cxx.o
/usr/bin/c++     -o CMakeFiles/cmTryCompileExec1945237023.dir/testCXXCompiler.cxx.o -c /home/jinwei/mysql-connector-cpp/CMakeFiles/CMakeTmp/testCXXCompiler.cxx
Linking CXX executable cmTryCompileExec1945237023
/usr/bin/cmake -E cmake_link_script CMakeFiles/cmTryCompileExec1945237023.dir/link.txt --verbose=1
/usr/bin/c++        CMakeFiles/cmTryCompileExec1945237023.dir/testCXXCompiler.cxx.o  -o cmTryCompileExec1945237023 -rdynamic 
make[1]: Leaving directory `/home/jinwei/mysql-connector-cpp/CMakeFiles/CMakeTmp'


Detecting CXX compiler ABI info compiled with the following output:
Change Dir: /home/jinwei/mysql-connector-cpp/CMakeFiles/CMakeTmp

Run Build Command:/usr/bin/make "cmTryCompileExec418627194/fast"
/usr/bin/make -f CMakeFiles/cmTryCompileExec418627194.dir/build.make CMakeFiles/cmTryCompileExec418627194.dir/build
make[1]: Entering directory `/home/jinwei/mysql-connector-cpp/CMakeFiles/CMakeTmp'
/usr/bin/cmake -E cmake_progress_report /home/jinwei/mysql-connector-cpp/CMakeFiles/CMakeTmp/CMakeFiles 1
Building CXX object CMakeFiles/cmTryCompileExec418627194.dir/CMakeCXXCompilerABI.cpp.o
/usr/bin/c++     -o CMakeFiles/cmTryCompileExec418627194.dir/CMakeCXXCompilerABI.cpp.o -c /usr/share/cmake-2.8/Modules/CMakeCXXCompilerABI.cpp
Linking CXX executable cmTryCompileExec418627194
/usr/bin/cmake -E cmake_link_script CMakeFiles/cmTryCompileExec418627194.dir/link.txt --verbose=1
/usr/bin/c++      -v CMakeFiles/cmTryCompileExec418627194.dir/CMakeCXXCompilerABI.cpp.o  -o cmTryCompileExec418627194 -rdynamic  
Using built-in specs.
COLLECT_GCC=/usr/bin/c++
COLLECT_LTO_WRAPPER=/usr/lib/gcc/x86_64-linux-gnu/4.8/lto-wrapper
Target: x86_64-linux-gnu
Configured with: ../src/configure -v --with-pkgversion='Ubuntu 4.8.2-19ubuntu1' --with-bugurl=file:///usr/share/doc/gcc-4.8/README.Bugs --enable-languages=c,c++,java,go,d,fortran,objc,obj-c++ --prefix=/usr --program-suffix=-4.8 --enable-shared --enable-linker-build-id --libexecdir=/usr/lib --without-included-gettext --enable-threads=posix --with-gxx-include-dir=/usr/include/c++/4.8 --libdir=/usr/lib --enable-nls --with-sysroot=/ --enable-clocale=gnu --enable-libstdcxx-debug --enable-libstdcxx-time=yes --enable-gnu-unique-object --disable-libmudflap --enable-plugin --with-system-zlib --disable-browser-plugin --enable-java-awt=gtk --enable-gtk-cairo --with-java-home=/usr/lib/jvm/java-1.5.0-gcj-4.8-amd64/jre --enable-java-home --with-jvm-root-dir=/usr/lib/jvm/java-1.5.0-gcj-4.8-amd64 --with-jvm-jar-dir=/usr/lib/jvm-exports/java-1.5.0-gcj-4.8-amd64 --with-arch-directory=amd64 --with-ecj-jar=/usr/share/java/eclipse-ecj.jar --enable-objc-gc --enable-multiarch --disable-werror --with-arch-32=i686 --with-abi=m64 --with-multilib-list=m32,m64,mx32 --with-tune=generic --enable-checking=release --build=x86_64-linux-gnu --host=x86_64-linux-gnu --target=x86_64-linux-gnu
Thread model: posix
gcc version 4.8.2 (Ubuntu 4.8.2-19ubuntu1) 
COMPILER_PATH=/usr/lib/gcc/x86_64-linux-gnu/4.8/:/usr/lib/gcc/x86_64-linux-gnu/4.8/:/usr/lib/gcc/x86_64-linux-gnu/:/usr/lib/gcc/x86_64-linux-gnu/4.8/:/usr/lib/gcc/x86_64-linux-gnu/
LIBRARY_PATH=/usr/lib/gcc/x86_64-linux-gnu/4.8/:/usr/lib/gcc/x86_64-linux-gnu/4.8/../../../x86_64-linux-gnu/:/usr/lib/gcc/x86_64-linux-gnu/4.8/../../../../lib/:/lib/x86_64-linux-gnu/:/lib/../lib/:/usr/lib/x86_64-linux-gnu/:/usr/lib/../lib/:/usr/lib/gcc/x86_64-linux-gnu/4.8/../../../:/lib/:/usr/lib/
COLLECT_GCC_OPTIONS='-v' '-o' 'cmTryCompileExec418627194' '-rdynamic' '-shared-libgcc' '-mtune=generic' '-march=x86-64'
 /usr/lib/gcc/x86_64-linux-gnu/4.8/collect2 --sysroot=/ --build-id --eh-frame-hdr -m elf_x86_64 --hash-style=gnu --as-needed -export-dynamic -dynamic-linker /lib64/ld-linux-x86-64.so.2 -z relro -o cmTryCompileExec418627194 /usr/lib/gcc/x86_64-linux-gnu/4.8/../../../x86_64-linux-gnu/crt1.o /usr/lib/gcc/x86_64-linux-gnu/4.8/../../../x86_64-linux-gnu/crti.o /usr/lib/gcc/x86_64-linux-gnu/4.8/crtbegin.o -L/usr/lib/gcc/x86_64-linux-gnu/4.8 -L/usr/lib/gcc/x86_64-linux-gnu/4.8/../../../x86_64-linux-gnu -L/usr/lib/gcc/x86_64-linux-gnu/4.8/../../../../lib -L/lib/x86_64-linux-gnu -L/lib/../lib -L/usr/lib/x86_64-linux-gnu -L/usr/lib/../lib -L/usr/lib/gcc/x86_64-linux-gnu/4.8/../../.. CMakeFiles/cmTryCompileExec418627194.dir/CMakeCXXCompilerABI.cpp.o -lstdc++ -lm -lgcc_s -lgcc -lc -lgcc_s -lgcc /usr/lib/gcc/x86_64-linux-gnu/4.8/crtend.o /usr/lib/gcc/x86_64-linux-gnu/4.8/../../../x86_64-linux-gnu/crtn.o
make[1]: Leaving directory `/home/jinwei/mysql-connector-cpp/CMakeFiles/CMakeTmp'


Parsed CXX implicit link information from above output:
  link line regex: [^( *|.*[/\])(ld|([^/\]+-)?ld|collect2)[^/\]*( |$)]
  ignore line: [Change Dir: /home/jinwei/mysql-connector-cpp/CMakeFiles/CMakeTmp]
  ignore line: []
  ignore line: [Run Build Command:/usr/bin/make "cmTryCompileExec418627194/fast"]
  ignore line: [/usr/bin/make -f CMakeFiles/cmTryCompileExec418627194.dir/build.make CMakeFiles/cmTryCompileExec418627194.dir/build]
  ignore line: [make[1]: Entering directory `/home/jinwei/mysql-connector-cpp/CMakeFiles/CMakeTmp']
  ignore line: [/usr/bin/cmake -E cmake_progress_report /home/jinwei/mysql-connector-cpp/CMakeFiles/CMakeTmp/CMakeFiles 1]
  ignore line: [Building CXX object CMakeFiles/cmTryCompileExec418627194.dir/CMakeCXXCompilerABI.cpp.o]
  ignore line: [/usr/bin/c++     -o CMakeFiles/cmTryCompileExec418627194.dir/CMakeCXXCompilerABI.cpp.o -c /usr/share/cmake-2.8/Modules/CMakeCXXCompilerABI.cpp]
  ignore line: [Linking CXX executable cmTryCompileExec418627194]
  ignore line: [/usr/bin/cmake -E cmake_link_script CMakeFiles/cmTryCompileExec418627194.dir/link.txt --verbose=1]
  ignore line: [/usr/bin/c++      -v CMakeFiles/cmTryCompileExec418627194.dir/CMakeCXXCompilerABI.cpp.o  -o cmTryCompileExec418627194 -rdynamic  ]
  ignore line: [Using built-in specs.]
  ignore line: [COLLECT_GCC=/usr/bin/c++]
  ignore line: [COLLECT_LTO_WRAPPER=/usr/lib/gcc/x86_64-linux-gnu/4.8/lto-wrapper]
  ignore line: [Target: x86_64-linux-gnu]
  ignore line: [Configured with: ../src/configure -v --with-pkgversion='Ubuntu 4.8.2-19ubuntu1' --with-bugurl=file:///usr/share/doc/gcc-4.8/README.Bugs --enable-languages=c,c++,java,go,d,fortran,objc,obj-c++ --prefix=/usr --program-suffix=-4.8 --enable-shared --enable-linker-build-id --libexecdir=/usr/lib --without-included-gettext --enable-threads=posix --with-gxx-include-dir=/usr/include/c++/4.8 --libdir=/usr/lib --enable-nls --with-sysroot=/ --enable-clocale=gnu --enable-libstdcxx-debug --enable-libstdcxx-time=yes --enable-gnu-unique-object --disable-libmudflap --enable-plugin --with-system-zlib --disable-browser-plugin --enable-java-awt=gtk --enable-gtk-cairo --with-java-home=/usr/lib/jvm/java-1.5.0-gcj-4.8-amd64/jre --enable-java-home --with-jvm-root-dir=/usr/lib/jvm/java-1.5.0-gcj-4.8-amd64 --with-jvm-jar-dir=/usr/lib/jvm-exports/java-1.5.0-gcj-4.8-amd64 --with-arch-directory=amd64 --with-ecj-jar=/usr/share/java/eclipse-ecj.jar --enable-objc-gc --enable-multiarch --disable-werror --with-arch-32=i686 --with-abi=m64 --with-multilib-list=m32,m64,mx32 --with-tune=generic --enable-checking=release --build=x86_64-linux-gnu --host=x86_64-linux-gnu --target=x86_64-linux-gnu]
  ignore line: [Thread model: posix]
  ignore line: [gcc version 4.8.2 (Ubuntu 4.8.2-19ubuntu1) ]
  ignore line: [COMPILER_PATH=/usr/lib/gcc/x86_64-linux-gnu/4.8/:/usr/lib/gcc/x86_64-linux-gnu/4.8/:/usr/lib/gcc/x86_64-linux-gnu/:/usr/lib/gcc/x86_64-linux-gnu/4.8/:/usr/lib/gcc/x86_64-linux-gnu/]
  ignore line: [LIBRARY_PATH=/usr/lib/gcc/x86_64-linux-gnu/4.8/:/usr/lib/gcc/x86_64-linux-gnu/4.8/../../../x86_64-linux-gnu/:/usr/lib/gcc/x86_64-linux-gnu/4.8/../../../../lib/:/lib/x86_64-linux-gnu/:/lib/../lib/:/usr/lib/x86_64-linux-gnu/:/usr/lib/../lib/:/usr/lib/gcc/x86_64-linux-gnu/4.8/../../../:/lib/:/usr/lib/]
  ignore line: [COLLECT_GCC_OPTIONS='-v' '-o' 'cmTryCompileExec418627194' '-rdynamic' '-shared-libgcc' '-mtune=generic' '-march=x86-64']
  link line: [ /usr/lib/gcc/x86_64-linux-gnu/4.8/collect2 --sysroot=/ --build-id --eh-frame-hdr -m elf_x86_64 --hash-style=gnu --as-needed -export-dynamic -dynamic-linker /lib64/ld-linux-x86-64.so.2 -z relro -o cmTryCompileExec418627194 /usr/lib/gcc/x86_64-linux-gnu/4.8/../../../x86_64-linux-gnu/crt1.o /usr/lib/gcc/x86_64-linux-gnu/4.8/../../../x86_64-linux-gnu/crti.o /usr/lib/gcc/x86_64-linux-gnu/4.8/crtbegin.o -L/usr/lib/gcc/x86_64-linux-gnu/4.8 -L/usr/lib/gcc/x86_64-linux-gnu/4.8/../../../x86_64-linux-gnu -L/usr/lib/gcc/x86_64-linux-gnu/4.8/../../../../lib -L/lib/x86_64-linux-gnu -L/lib/../lib -L/usr/lib/x86_64-linux-gnu -L/usr/lib/../lib -L/usr/lib/gcc/x86_64-linux-gnu/4.8/../../.. CMakeFiles/cmTryCompileExec418627194.dir/CMakeCXXCompilerABI.cpp.o -lstdc++ -lm -lgcc_s -lgcc -lc -lgcc_s -lgcc /usr/lib/gcc/x86_64-linux-gnu/4.8/crtend.o /usr/lib/gcc/x86_64-linux-gnu/4.8/../../../x86_64-linux-gnu/crtn.o]
    arg [/usr/lib/gcc/x86_64-linux-gnu/4.8/collect2] ==> ignore
    arg [--sysroot=/] ==> ignore
    arg [--build-id] ==> ignore
    arg [--eh-frame-hdr] ==> ignore
    arg [-m] ==> ignore
    arg [elf_x86_64] ==> ignore
    arg [--hash-style=gnu] ==> ignore
    arg [--as-needed] ==> ignore
    arg [-export-dynamic] ==> ignore
    arg [-dynamic-linker] ==> ignore
    arg [/lib64/ld-linux-x86-64.so.2] ==> ignore
    arg [-zrelro] ==> ignore
    arg [-o] ==> ignore
    arg [cmTryCompileExec418627194] ==> ignore
    arg [/usr/lib/gcc/x86_64-linux-gnu/4.8/../../../x86_64-linux-gnu/crt1.o] ==> ignore
    arg [/usr/lib/gcc/x86_64-linux-gnu/4.8/../../../x86_64-linux-gnu/crti.o] ==> ignore
    arg [/usr/lib/gcc/x86_64-linux-gnu/4.8/crtbegin.o] ==> ignore
    arg [-L/usr/lib/gcc/x86_64-linux-gnu/4.8] ==> dir [/usr/lib/gcc/x86_64-linux-gnu/4.8]
    arg [-L/usr/lib/gcc/x86_64-linux-gnu/4.8/../../../x86_64-linux-gnu] ==> dir [/usr/lib/gcc/x86_64-linux-gnu/4.8/../../../x86_64-linux-gnu]
    arg [-L/usr/lib/gcc/x86_64-linux-gnu/4.8/../../../../lib] ==> dir [/usr/lib/gcc/x86_64-linux-gnu/4.8/../../../../lib]
    arg [-L/lib/x86_64-linux-gnu] ==> dir [/lib/x86_64-linux-gnu]
    arg [-L/lib/../lib] ==> dir [/lib/../lib]
    arg [-L/usr/lib/x86_64-linux-gnu] ==> dir [/usr/lib/x86_64-linux-gnu]
    arg [-L/usr/lib/../lib] ==> dir [/usr/lib/../lib]
    arg [-L/usr/lib/gcc/x86_64-linux-gnu/4.8/../../..] ==> dir [/usr/lib/gcc/x86_64-linux-gnu/4.8/../../..]
    arg [CMakeFiles/cmTryCompileExec418627194.dir/CMakeCXXCompilerABI.cpp.o] ==> ignore
    arg [-lstdc++] ==> lib [stdc++]
    arg [-lm] ==> lib [m]
    arg [-lgcc_s] ==> lib [gcc_s]
    arg [-lgcc] ==> lib [gcc]
    arg [-lc] ==> lib [c]
    arg [-lgcc_s] ==> lib [gcc_s]
    arg [-lgcc] ==> lib [gcc]
    arg [/usr/lib/gcc/x86_64-linux-gnu/4.8/crtend.o] ==> ignore
    arg [/usr/lib/gcc/x86_64-linux-gnu/4.8/../../../x86_64-linux-gnu/crtn.o] ==> ignore
  remove lib [gcc_s]
  remove lib [gcc]
  remove lib [gcc_s]
  remove lib [gcc]
  collapse library dir [/usr/lib/gcc/x86_64-linux-gnu/4.8] ==> [/usr/lib/gcc/x86_64-linux-gnu/4.8]
  collapse library dir [/usr/lib/gcc/x86_64-linux-gnu/4.8/../../../x86_64-linux-gnu] ==> [/usr/lib/x86_64-linux-gnu]
  collapse library dir [/usr/lib/gcc/x86_64-linux-gnu/4.8/../../../../lib] ==> [/usr/lib]
  collapse library dir [/lib/x86_64-linux-gnu] ==> [/lib/x86_64-linux-gnu]
  collapse library dir [/lib/../lib] ==> [/lib]
  collapse library dir [/usr/lib/x86_64-linux-gnu] ==> [/usr/lib/x86_64-linux-gnu]
  collapse library dir [/usr/lib/../lib] ==> [/usr/lib]
  collapse library dir [/usr/lib/gcc/x86_64-linux-gnu/4.8/../../..] ==> [/usr/lib]
  implicit libs: [stdc++;m;c]
  implicit dirs: [/usr/lib/gcc/x86_64-linux-gnu/4.8;/usr/lib/x86_64-linux-gnu;/usr/lib;/lib/x86_64-linux-gnu;/lib]
  implicit fwks: []


Determining if files stdint.h exist passed with the following output:
Change Dir: /home/jinwei/mysql-connector-cpp/CMakeFiles/CMakeTmp

Run Build Command:/usr/bin/make "cmTryCompileExec2783853156/fast"
/usr/bin/make -f CMakeFiles/cmTryCompileExec2783853156.dir/build.make CMakeFiles/cmTryCompileExec2783853156.dir/build
make[1]: Entering directory `/home/jinwei/mysql-connector-cpp/CMakeFiles/CMakeTmp'
/usr/bin/cmake -E cmake_progress_report /home/jinwei/mysql-connector-cpp/CMakeFiles/CMakeTmp/CMakeFiles 1
Building C object CMakeFiles/cmTryCompileExec2783853156.dir/CheckIncludeFiles.c.o
/usr/bin/cc    -o CMakeFiles/cmTryCompileExec2783853156.dir/CheckIncludeFiles.c.o   -c /home/jinwei/mysql-connector-cpp/CMakeFiles/CMakeTmp/CheckIncludeFiles.c
Linking C executable cmTryCompileExec2783853156
/usr/bin/cmake -E cmake_link_script CMakeFiles/cmTryCompileExec2783853156.dir/link.txt --verbose=1
/usr/bin/cc       CMakeFiles/cmTryCompileExec2783853156.dir/CheckIncludeFiles.c.o  -o cmTryCompileExec2783853156 -rdynamic 
make[1]: Leaving directory `/home/jinwei/mysql-connector-cpp/CMakeFiles/CMakeTmp'


Determining if files inttypes.h exist passed with the following output:
Change Dir: /home/jinwei/mysql-connector-cpp/CMakeFiles/CMakeTmp

Run Build Command:/usr/bin/make "cmTryCompileExec4266108864/fast"
/usr/bin/make -f CMakeFiles/cmTryCompileExec4266108864.dir/build.make CMakeFiles/cmTryCompileExec4266108864.dir/build
make[1]: Entering directory `/home/jinwei/mysql-connector-cpp/CMakeFiles/CMakeTmp'
/usr/bin/cmake -E cmake_progress_report /home/jinwei/mysql-connector-cpp/CMakeFiles/CMakeTmp/CMakeFiles 1
Building C object CMakeFiles/cmTryCompileExec4266108864.dir/CheckIncludeFiles.c.o
/usr/bin/cc    -o CMakeFiles/cmTryCompileExec4266108864.dir/CheckIncludeFiles.c.o   -c /home/jinwei/mysql-connector-cpp/CMakeFiles/CMakeTmp/CheckIncludeFiles.c
Linking C executable cmTryCompileExec4266108864
/usr/bin/cmake -E cmake_link_script CMakeFiles/cmTryCompileExec4266108864.dir/link.txt --verbose=1
/usr/bin/cc       CMakeFiles/cmTryCompileExec4266108864.dir/CheckIncludeFiles.c.o  -o cmTryCompileExec4266108864 -rdynamic 
make[1]: Leaving directory `/home/jinwei/mysql-connector-cpp/CMakeFiles/CMakeTmp'


Determining if the include file sys/types.h exists passed with the following output:
Change Dir: /home/jinwei/mysql-connector-cpp/CMakeFiles/CMakeTmp

Run Build Command:/usr/bin/make "cmTryCompileExec3483342411/fast"
/usr/bin/make -f CMakeFiles/cmTryCompileExec3483342411.dir/build.make CMakeFiles/cmTryCompileExec3483342411.dir/build
make[1]: Entering directory `/home/jinwei/mysql-connector-cpp/CMakeFiles/CMakeTmp'
/usr/bin/cmake -E cmake_progress_report /home/jinwei/mysql-connector-cpp/CMakeFiles/CMakeTmp/CMakeFiles 1
Building C object CMakeFiles/cmTryCompileExec3483342411.dir/CheckIncludeFile.c.o
/usr/bin/cc    -o CMakeFiles/cmTryCompileExec3483342411.dir/CheckIncludeFile.c.o   -c /home/jinwei/mysql-connector-cpp/CMakeFiles/CMakeTmp/CheckIncludeFile.c
Linking C executable cmTryCompileExec3483342411
/usr/bin/cmake -E cmake_link_script CMakeFiles/cmTryCompileExec3483342411.dir/link.txt --verbose=1
/usr/bin/cc       CMakeFiles/cmTryCompileExec3483342411.dir/CheckIncludeFile.c.o  -o cmTryCompileExec3483342411 -rdynamic 
make[1]: Leaving directory `/home/jinwei/mysql-connector-cpp/CMakeFiles/CMakeTmp'


Determining if the include file stddef.h exists passed with the following output:
Change Dir: /home/jinwei/mysql-connector-cpp/CMakeFiles/CMakeTmp

Run Build Command:/usr/bin/make "cmTryCompileExec4212472357/fast"
/usr/bin/make -f CMakeFiles/cmTryCompileExec4212472357.dir/build.make CMakeFiles/cmTryCompileExec4212472357.dir/build
make[1]: Entering directory `/home/jinwei/mysql-connector-cpp/CMakeFiles/CMakeTmp'
/usr/bin/cmake -E cmake_progress_report /home/jinwei/mysql-connector-cpp/CMakeFiles/CMakeTmp/CMakeFiles 1
Building C object CMakeFiles/cmTryCompileExec4212472357.dir/CheckIncludeFile.c.o
/usr/bin/cc    -o CMakeFiles/cmTryCompileExec4212472357.dir/CheckIncludeFile.c.o   -c /home/jinwei/mysql-connector-cpp/CMakeFiles/CMakeTmp/CheckIncludeFile.c
Linking C executable cmTryCompileExec4212472357
/usr/bin/cmake -E cmake_link_script CMakeFiles/cmTryCompileExec4212472357.dir/link.txt --verbose=1
/usr/bin/cc       CMakeFiles/cmTryCompileExec4212472357.dir/CheckIncludeFile.c.o  -o cmTryCompileExec4212472357 -rdynamic 
make[1]: Leaving directory `/home/jinwei/mysql-connector-cpp/CMakeFiles/CMakeTmp'


Determining size of int8_t passed with the following output:
Change Dir: /home/jinwei/mysql-connector-cpp/CMakeFiles/CMakeTmp

Run Build Command:/usr/bin/make "cmTryCompileExec1502918376/fast"
/usr/bin/make -f CMakeFiles/cmTryCompileExec1502918376.dir/build.make CMakeFiles/cmTryCompileExec1502918376.dir/build
make[1]: Entering directory `/home/jinwei/mysql-connector-cpp/CMakeFiles/CMakeTmp'
/usr/bin/cmake -E cmake_progress_report /home/jinwei/mysql-connector-cpp/CMakeFiles/CMakeTmp/CMakeFiles 1
Building C object CMakeFiles/cmTryCompileExec1502918376.dir/HAVE_INT8_T.c.o
/usr/bin/cc    -o CMakeFiles/cmTryCompileExec1502918376.dir/HAVE_INT8_T.c.o   -c /home/jinwei/mysql-connector-cpp/CMakeFiles/CheckTypeSize/HAVE_INT8_T.c
Linking C executable cmTryCompileExec1502918376
/usr/bin/cmake -E cmake_link_script CMakeFiles/cmTryCompileExec1502918376.dir/link.txt --verbose=1
/usr/bin/cc       CMakeFiles/cmTryCompileExec1502918376.dir/HAVE_INT8_T.c.o  -o cmTryCompileExec1502918376 -rdynamic 
make[1]: Leaving directory `/home/jinwei/mysql-connector-cpp/CMakeFiles/CMakeTmp'


Determining size of uint8_t passed with the following output:
Change Dir: /home/jinwei/mysql-connector-cpp/CMakeFiles/CMakeTmp

Run Build Command:/usr/bin/make "cmTryCompileExec4081616866/fast"
/usr/bin/make -f CMakeFiles/cmTryCompileExec4081616866.dir/build.make CMakeFiles/cmTryCompileExec4081616866.dir/build
make[1]: Entering directory `/home/jinwei/mysql-connector-cpp/CMakeFiles/CMakeTmp'
/usr/bin/cmake -E cmake_progress_report /home/jinwei/mysql-connector-cpp/CMakeFiles/CMakeTmp/CMakeFiles 1
Building C object CMakeFiles/cmTryCompileExec4081616866.dir/HAVE_UINT8_T.c.o
/usr/bin/cc    -o CMakeFiles/cmTryCompileExec4081616866.dir/HAVE_UINT8_T.c.o   -c /home/jinwei/mysql-connector-cpp/CMakeFiles/CheckTypeSize/HAVE_UINT8_T.c
Linking C executable cmTryCompileExec4081616866
/usr/bin/cmake -E cmake_link_script CMakeFiles/cmTryCompileExec4081616866.dir/link.txt --verbose=1
/usr/bin/cc       CMakeFiles/cmTryCompileExec4081616866.dir/HAVE_UINT8_T.c.o  -o cmTryCompileExec4081616866 -rdynamic 
make[1]: Leaving directory `/home/jinwei/mysql-connector-cpp/CMakeFiles/CMakeTmp'


Determining size of int16_t passed with the following output:
Change Dir: /home/jinwei/mysql-connector-cpp/CMakeFiles/CMakeTmp

Run Build Command:/usr/bin/make "cmTryCompileExec2365849747/fast"
/usr/bin/make -f CMakeFiles/cmTryCompileExec2365849747.dir/build.make CMakeFiles/cmTryCompileExec2365849747.dir/build
make[1]: Entering directory `/home/jinwei/mysql-connector-cpp/CMakeFiles/CMakeTmp'
/usr/bin/cmake -E cmake_progress_report /home/jinwei/mysql-connector-cpp/CMakeFiles/CMakeTmp/CMakeFiles 1
Building C object CMakeFiles/cmTryCompileExec2365849747.dir/HAVE_INT16_T.c.o
/usr/bin/cc    -o CMakeFiles/cmTryCompileExec2365849747.dir/HAVE_INT16_T.c.o   -c /home/jinwei/mysql-connector-cpp/CMakeFiles/CheckTypeSize/HAVE_INT16_T.c
Linking C executable cmTryCompileExec2365849747
/usr/bin/cmake -E cmake_link_script CMakeFiles/cmTryCompileExec2365849747.dir/link.txt --verbose=1
/usr/bin/cc       CMakeFiles/cmTryCompileExec2365849747.dir/HAVE_INT16_T.c.o  -o cmTryCompileExec2365849747 -rdynamic 
make[1]: Leaving directory `/home/jinwei/mysql-connector-cpp/CMakeFiles/CMakeTmp'


Determining size of uint16_t passed with the following output:
Change Dir: /home/jinwei/mysql-connector-cpp/CMakeFiles/CMakeTmp

Run Build Command:/usr/bin/make "cmTryCompileExec1471341326/fast"
/usr/bin/make -f CMakeFiles/cmTryCompileExec1471341326.dir/build.make CMakeFiles/cmTryCompileExec1471341326.dir/build
make[1]: Entering directory `/home/jinwei/mysql-connector-cpp/CMakeFiles/CMakeTmp'
/usr/bin/cmake -E cmake_progress_report /home/jinwei/mysql-connector-cpp/CMakeFiles/CMakeTmp/CMakeFiles 1
Building C object CMakeFiles/cmTryCompileExec1471341326.dir/HAVE_UINT16_T.c.o
/usr/bin/cc    -o CMakeFiles/cmTryCompileExec1471341326.dir/HAVE_UINT16_T.c.o   -c /home/jinwei/mysql-connector-cpp/CMakeFiles/CheckTypeSize/HAVE_UINT16_T.c
Linking C executable cmTryCompileExec1471341326
/usr/bin/cmake -E cmake_link_script CMakeFiles/cmTryCompileExec1471341326.dir/link.txt --verbose=1
/usr/bin/cc       CMakeFiles/cmTryCompileExec1471341326.dir/HAVE_UINT16_T.c.o  -o cmTryCompileExec1471341326 -rdynamic 
make[1]: Leaving directory `/home/jinwei/mysql-connector-cpp/CMakeFiles/CMakeTmp'


Determining size of int32_t passed with the following output:
Change Dir: /home/jinwei/mysql-connector-cpp/CMakeFiles/CMakeTmp

Run Build Command:/usr/bin/make "cmTryCompileExec129168959/fast"
/usr/bin/make -f CMakeFiles/cmTryCompileExec129168959.dir/build.make CMakeFiles/cmTryCompileExec129168959.dir/build
make[1]: Entering directory `/home/jinwei/mysql-connector-cpp/CMakeFiles/CMakeTmp'
/usr/bin/cmake -E cmake_progress_report /home/jinwei/mysql-connector-cpp/CMakeFiles/CMakeTmp/CMakeFiles 1
Building C object CMakeFiles/cmTryCompileExec129168959.dir/HAVE_INT32_T.c.o
/usr/bin/cc    -o CMakeFiles/cmTryCompileExec129168959.dir/HAVE_INT32_T.c.o   -c /home/jinwei/mysql-connector-cpp/CMakeFiles/CheckTypeSize/HAVE_INT32_T.c
Linking C executable cmTryCompileExec129168959
/usr/bin/cmake -E cmake_link_script CMakeFiles/cmTryCompileExec129168959.dir/link.txt --verbose=1
/usr/bin/cc       CMakeFiles/cmTryCompileExec129168959.dir/HAVE_INT32_T.c.o  -o cmTryCompileExec129168959 -rdynamic 
make[1]: Leaving directory `/home/jinwei/mysql-connector-cpp/CMakeFiles/CMakeTmp'


Determining size of uint32_t passed with the following output:
Change Dir: /home/jinwei/mysql-connector-cpp/CMakeFiles/CMakeTmp

Run Build Command:/usr/bin/make "cmTryCompileExec1242814913/fast"
/usr/bin/make -f CMakeFiles/cmTryCompileExec1242814913.dir/build.make CMakeFiles/cmTryCompileExec1242814913.dir/build
make[1]: Entering directory `/home/jinwei/mysql-connector-cpp/CMakeFiles/CMakeTmp'
/usr/bin/cmake -E cmake_progress_report /home/jinwei/mysql-connector-cpp/CMakeFiles/CMakeTmp/CMakeFiles 1
Building C object CMakeFiles/cmTryCompileExec1242814913.dir/HAVE_UINT32_T.c.o
/usr/bin/cc    -o CMakeFiles/cmTryCompileExec1242814913.dir/HAVE_UINT32_T.c.o   -c /home/jinwei/mysql-connector-cpp/CMakeFiles/CheckTypeSize/HAVE_UINT32_T.c
Linking C executable cmTryCompileExec1242814913
/usr/bin/cmake -E cmake_link_script CMakeFiles/cmTryCompileExec1242814913.dir/link.txt --verbose=1
/usr/bin/cc       CMakeFiles/cmTryCompileExec1242814913.dir/HAVE_UINT32_T.c.o  -o cmTryCompileExec1242814913 -rdynamic 
make[1]: Leaving directory `/home/jinwei/mysql-connector-cpp/CMakeFiles/CMakeTmp'


Determining size of int64_t passed with the following output:
Change Dir: /home/jinwei/mysql-connector-cpp/CMakeFiles/CMakeTmp

Run Build Command:/usr/bin/make "cmTryCompileExec761762642/fast"
/usr/bin/make -f CMakeFiles/cmTryCompileExec761762642.dir/build.make CMakeFiles/cmTryCompileExec761762642.dir/build
make[1]: Entering directory `/home/jinwei/mysql-connector-cpp/CMakeFiles/CMakeTmp'
/usr/bin/cmake -E cmake_progress_report /home/jinwei/mysql-connector-cpp/CMakeFiles/CMakeTmp/CMakeFiles 1
Building C object CMakeFiles/cmTryCompileExec761762642.dir/HAVE_INT64_T.c.o
/usr/bin/cc    -o CMakeFiles/cmTryCompileExec761762642.dir/HAVE_INT64_T.c.o   -c /home/jinwei/mysql-connector-cpp/CMakeFiles/CheckTypeSize/HAVE_INT64_T.c
Linking C executable cmTryCompileExec761762642
/usr/bin/cmake -E cmake_link_script CMakeFiles/cmTryCompileExec761762642.dir/link.txt --verbose=1
/usr/bin/cc       CMakeFiles/cmTryCompileExec761762642.dir/HAVE_INT64_T.c.o  -o cmTryCompileExec761762642 -rdynamic 
make[1]: Leaving directory `/home/jinwei/mysql-connector-cpp/CMakeFiles/CMakeTmp'


Determining size of uint64_t passed with the following output:
Change Dir: /home/jinwei/mysql-connector-cpp/CMakeFiles/CMakeTmp

Run Build Command:/usr/bin/make "cmTryCompileExec2667657120/fast"
/usr/bin/make -f CMakeFiles/cmTryCompileExec2667657120.dir/build.make CMakeFiles/cmTryCompileExec2667657120.dir/build
make[1]: Entering directory `/home/jinwei/mysql-connector-cpp/CMakeFiles/CMakeTmp'
/usr/bin/cmake -E cmake_progress_report /home/jinwei/mysql-connector-cpp/CMakeFiles/CMakeTmp/CMakeFiles 1
Building C object CMakeFiles/cmTryCompileExec2667657120.dir/HAVE_UINT64_T.c.o
/usr/bin/cc    -o CMakeFiles/cmTryCompileExec2667657120.dir/HAVE_UINT64_T.c.o   -c /home/jinwei/mysql-connector-cpp/CMakeFiles/CheckTypeSize/HAVE_UINT64_T.c
Linking C executable cmTryCompileExec2667657120
/usr/bin/cmake -E cmake_link_script CMakeFiles/cmTryCompileExec2667657120.dir/link.txt --verbose=1
/usr/bin/cc       CMakeFiles/cmTryCompileExec2667657120.dir/HAVE_UINT64_T.c.o  -o cmTryCompileExec2667657120 -rdynamic 
make[1]: Leaving directory `/home/jinwei/mysql-connector-cpp/CMakeFiles/CMakeTmp'


Determining if the function strtold exists passed with the following output:
Change Dir: /home/jinwei/mysql-connector-cpp/CMakeFiles/CMakeTmp

Run Build Command:/usr/bin/make "cmTryCompileExec3374195092/fast"
/usr/bin/make -f CMakeFiles/cmTryCompileExec3374195092.dir/build.make CMakeFiles/cmTryCompileExec3374195092.dir/build
make[1]: Entering directory `/home/jinwei/mysql-connector-cpp/CMakeFiles/CMakeTmp'
/usr/bin/cmake -E cmake_progress_report /home/jinwei/mysql-connector-cpp/CMakeFiles/CMakeTmp/CMakeFiles 1
Building C object CMakeFiles/cmTryCompileExec3374195092.dir/CheckFunctionExists.c.o
/usr/bin/cc   -DCHECK_FUNCTION_EXISTS=strtold   -o CMakeFiles/cmTryCompileExec3374195092.dir/CheckFunctionExists.c.o   -c /usr/share/cmake-2.8/Modules/CheckFunctionExists.c
Linking C executable cmTryCompileExec3374195092
/usr/bin/cmake -E cmake_link_script CMakeFiles/cmTryCompileExec3374195092.dir/link.txt --verbose=1
/usr/bin/cc   -DCHECK_FUNCTION_EXISTS=strtold    CMakeFiles/cmTryCompileExec3374195092.dir/CheckFunctionExists.c.o  -o cmTryCompileExec3374195092 -rdynamic 
make[1]: Leaving directory `/home/jinwei/mysql-connector-cpp/CMakeFiles/CMakeTmp'


Determining if the function strtol exists passed with the following output:
Change Dir: /home/jinwei/mysql-connector-cpp/CMakeFiles/CMakeTmp

Run Build Command:/usr/bin/make "cmTryCompileExec3714330134/fast"
/usr/bin/make -f CMakeFiles/cmTryCompileExec3714330134.dir/build.make CMakeFiles/cmTryCompileExec3714330134.dir/build
make[1]: Entering directory `/home/jinwei/mysql-connector-cpp/CMakeFiles/CMakeTmp'
/usr/bin/cmake -E cmake_progress_report /home/jinwei/mysql-connector-cpp/CMakeFiles/CMakeTmp/CMakeFiles 1
Building C object CMakeFiles/cmTryCompileExec3714330134.dir/CheckFunctionExists.c.o
/usr/bin/cc   -DCHECK_FUNCTION_EXISTS=strtol   -o CMakeFiles/cmTryCompileExec3714330134.dir/CheckFunctionExists.c.o   -c /usr/share/cmake-2.8/Modules/CheckFunctionExists.c
Linking C executable cmTryCompileExec3714330134
/usr/bin/cmake -E cmake_link_script CMakeFiles/cmTryCompileExec3714330134.dir/link.txt --verbose=1
/usr/bin/cc   -DCHECK_FUNCTION_EXISTS=strtol    CMakeFiles/cmTryCompileExec3714330134.dir/CheckFunctionExists.c.o  -o cmTryCompileExec3714330134 -rdynamic 
make[1]: Leaving directory `/home/jinwei/mysql-connector-cpp/CMakeFiles/CMakeTmp'


Determining if the function strtoll exists passed with the following output:
Change Dir: /home/jinwei/mysql-connector-cpp/CMakeFiles/CMakeTmp

Run Build Command:/usr/bin/make "cmTryCompileExec76500830/fast"
/usr/bin/make -f CMakeFiles/cmTryCompileExec76500830.dir/build.make CMakeFiles/cmTryCompileExec76500830.dir/build
make[1]: Entering directory `/home/jinwei/mysql-connector-cpp/CMakeFiles/CMakeTmp'
/usr/bin/cmake -E cmake_progress_report /home/jinwei/mysql-connector-cpp/CMakeFiles/CMakeTmp/CMakeFiles 1
Building C object CMakeFiles/cmTryCompileExec76500830.dir/CheckFunctionExists.c.o
/usr/bin/cc   -DCHECK_FUNCTION_EXISTS=strtoll   -o CMakeFiles/cmTryCompileExec76500830.dir/CheckFunctionExists.c.o   -c /usr/share/cmake-2.8/Modules/CheckFunctionExists.c
Linking C executable cmTryCompileExec76500830
/usr/bin/cmake -E cmake_link_script CMakeFiles/cmTryCompileExec76500830.dir/link.txt --verbose=1
/usr/bin/cc   -DCHECK_FUNCTION_EXISTS=strtoll    CMakeFiles/cmTryCompileExec76500830.dir/CheckFunctionExists.c.o  -o cmTryCompileExec76500830 -rdynamic 
make[1]: Leaving directory `/home/jinwei/mysql-connector-cpp/CMakeFiles/CMakeTmp'


Determining if the function strtoul exists passed with the following output:
Change Dir: /home/jinwei/mysql-connector-cpp/CMakeFiles/CMakeTmp

Run Build Command:/usr/bin/make "cmTryCompileExec841589809/fast"
/usr/bin/make -f CMakeFiles/cmTryCompileExec841589809.dir/build.make CMakeFiles/cmTryCompileExec841589809.dir/build
make[1]: Entering directory `/home/jinwei/mysql-connector-cpp/CMakeFiles/CMakeTmp'
/usr/bin/cmake -E cmake_progress_report /home/jinwei/mysql-connector-cpp/CMakeFiles/CMakeTmp/CMakeFiles 1
Building C object CMakeFiles/cmTryCompileExec841589809.dir/CheckFunctionExists.c.o
/usr/bin/cc   -DCHECK_FUNCTION_EXISTS=strtoul   -o CMakeFiles/cmTryCompileExec841589809.dir/CheckFunctionExists.c.o   -c /usr/share/cmake-2.8/Modules/CheckFunctionExists.c
Linking C executable cmTryCompileExec841589809
/usr/bin/cmake -E cmake_link_script CMakeFiles/cmTryCompileExec841589809.dir/link.txt --verbose=1
/usr/bin/cc   -DCHECK_FUNCTION_EXISTS=strtoul    CMakeFiles/cmTryCompileExec841589809.dir/CheckFunctionExists.c.o  -o cmTryCompileExec841589809 -rdynamic 
make[1]: Leaving directory `/home/jinwei/mysql-connector-cpp/CMakeFiles/CMakeTmp'


Determining if the function strtoull exists passed with the following output:
Change Dir: /home/jinwei/mysql-connector-cpp/CMakeFiles/CMakeTmp

Run Build Command:/usr/bin/make "cmTryCompileExec2807591369/fast"
/usr/bin/make -f CMakeFiles/cmTryCompileExec2807591369.dir/build.make CMakeFiles/cmTryCompileExec2807591369.dir/build
make[1]: Entering directory `/home/jinwei/mysql-connector-cpp/CMakeFiles/CMakeTmp'
/usr/bin/cmake -E cmake_progress_report /home/jinwei/mysql-connector-cpp/CMakeFiles/CMakeTmp/CMakeFiles 1
Building C object CMakeFiles/cmTryCompileExec2807591369.dir/CheckFunctionExists.c.o
/usr/bin/cc   -DCHECK_FUNCTION_EXISTS=strtoull   -o CMakeFiles/cmTryCompileExec2807591369.dir/CheckFunctionExists.c.o   -c /usr/share/cmake-2.8/Modules/CheckFunctionExists.c
Linking C executable cmTryCompileExec2807591369
/usr/bin/cmake -E cmake_link_script CMakeFiles/cmTryCompileExec2807591369.dir/link.txt --verbose=1
/usr/bin/cc   -DCHECK_FUNCTION_EXISTS=strtoull    CMakeFiles/cmTryCompileExec2807591369.dir/CheckFunctionExists.c.o  -o cmTryCompileExec2807591369 -rdynamic 
make[1]: Leaving directory `/home/jinwei/mysql-connector-cpp/CMakeFiles/CMakeTmp'


Determining if the function strtoimax exists passed with the following output:
Change Dir: /home/jinwei/mysql-connector-cpp/CMakeFiles/CMakeTmp

Run Build Command:/usr/bin/make "cmTryCompileExec176595115/fast"
/usr/bin/make -f CMakeFiles/cmTryCompileExec176595115.dir/build.make CMakeFiles/cmTryCompileExec176595115.dir/build
make[1]: Entering directory `/home/jinwei/mysql-connector-cpp/CMakeFiles/CMakeTmp'
/usr/bin/cmake -E cmake_progress_report /home/jinwei/mysql-connector-cpp/CMakeFiles/CMakeTmp/CMakeFiles 1
Building C object CMakeFiles/cmTryCompileExec176595115.dir/CheckFunctionExists.c.o
/usr/bin/cc   -DCHECK_FUNCTION_EXISTS=strtoimax   -o CMakeFiles/cmTryCompileExec176595115.dir/CheckFunctionExists.c.o   -c /usr/share/cmake-2.8/Modules/CheckFunctionExists.c
Linking C executable cmTryCompileExec176595115
/usr/bin/cmake -E cmake_link_script CMakeFiles/cmTryCompileExec176595115.dir/link.txt --verbose=1
/usr/bin/cc   -DCHECK_FUNCTION_EXISTS=strtoimax    CMakeFiles/cmTryCompileExec176595115.dir/CheckFunctionExists.c.o  -o cmTryCompileExec176595115 -rdynamic 
make[1]: Leaving directory `/home/jinwei/mysql-connector-cpp/CMakeFiles/CMakeTmp'


Determining if the function strtoumax exists passed with the following output:
Change Dir: /home/jinwei/mysql-connector-cpp/CMakeFiles/CMakeTmp

Run Build Command:/usr/bin/make "cmTryCompileExec2748191163/fast"
/usr/bin/make -f CMakeFiles/cmTryCompileExec2748191163.dir/build.make CMakeFiles/cmTryCompileExec2748191163.dir/build
make[1]: Entering directory `/home/jinwei/mysql-connector-cpp/CMakeFiles/CMakeTmp'
/usr/bin/cmake -E cmake_progress_report /home/jinwei/mysql-connector-cpp/CMakeFiles/CMakeTmp/CMakeFiles 1
Building C object CMakeFiles/cmTryCompileExec2748191163.dir/CheckFunctionExists.c.o
/usr/bin/cc   -DCHECK_FUNCTION_EXISTS=strtoumax   -o CMakeFiles/cmTryCompileExec2748191163.dir/CheckFunctionExists.c.o   -c /usr/share/cmake-2.8/Modules/CheckFunctionExists.c
Linking C executable cmTryCompileExec2748191163
/usr/bin/cmake -E cmake_link_script CMakeFiles/cmTryCompileExec2748191163.dir/link.txt --verbose=1
/usr/bin/cc   -DCHECK_FUNCTION_EXISTS=strtoumax    CMakeFiles/cmTryCompileExec2748191163.dir/CheckFunctionExists.c.o  -o cmTryCompileExec2748191163 -rdynamic 
make[1]: Leaving directory `/home/jinwei/mysql-connector-cpp/CMakeFiles/CMakeTmp'


Determining if files stdint.h exist passed with the following output:
Change Dir: /home/jinwei/cmake/make_tut/mysql-connector-cpp/CMakeFiles/CMakeTmp

Run Build Command:/usr/bin/make "cmTryCompileExec1132247148/fast"
/usr/bin/make -f CMakeFiles/cmTryCompileExec1132247148.dir/build.make CMakeFiles/cmTryCompileExec1132247148.dir/build
make[1]: Entering directory `/home/jinwei/cmake/make_tut/mysql-connector-cpp/CMakeFiles/CMakeTmp'
/usr/bin/cmake -E cmake_progress_report /home/jinwei/cmake/make_tut/mysql-connector-cpp/CMakeFiles/CMakeTmp/CMakeFiles 1
Building C object CMakeFiles/cmTryCompileExec1132247148.dir/CheckIncludeFiles.c.o
/usr/bin/cc    -o CMakeFiles/cmTryCompileExec1132247148.dir/CheckIncludeFiles.c.o   -c /home/jinwei/cmake/make_tut/mysql-connector-cpp/CMakeFiles/CMakeTmp/CheckIncludeFiles.c
Linking C executable cmTryCompileExec1132247148
/usr/bin/cmake -E cmake_link_script CMakeFiles/cmTryCompileExec1132247148.dir/link.txt --verbose=1
/usr/bin/cc       CMakeFiles/cmTryCompileExec1132247148.dir/CheckIncludeFiles.c.o  -o cmTryCompileExec1132247148 -rdynamic 
make[1]: Leaving directory `/home/jinwei/cmake/make_tut/mysql-connector-cpp/CMakeFiles/CMakeTmp'


Determining if files inttypes.h exist passed with the following output:
Change Dir: /home/jinwei/cmake/make_tut/mysql-connector-cpp/CMakeFiles/CMakeTmp

Run Build Command:/usr/bin/make "cmTryCompileExec4284368026/fast"
/usr/bin/make -f CMakeFiles/cmTryCompileExec4284368026.dir/build.make CMakeFiles/cmTryCompileExec4284368026.dir/build
make[1]: Entering directory `/home/jinwei/cmake/make_tut/mysql-connector-cpp/CMakeFiles/CMakeTmp'
/usr/bin/cmake -E cmake_progress_report /home/jinwei/cmake/make_tut/mysql-connector-cpp/CMakeFiles/CMakeTmp/CMakeFiles 1
Building C object CMakeFiles/cmTryCompileExec4284368026.dir/CheckIncludeFiles.c.o
/usr/bin/cc    -o CMakeFiles/cmTryCompileExec4284368026.dir/CheckIncludeFiles.c.o   -c /home/jinwei/cmake/make_tut/mysql-connector-cpp/CMakeFiles/CMakeTmp/CheckIncludeFiles.c
Linking C executable cmTryCompileExec4284368026
/usr/bin/cmake -E cmake_link_script CMakeFiles/cmTryCompileExec4284368026.dir/link.txt --verbose=1
/usr/bin/cc       CMakeFiles/cmTryCompileExec4284368026.dir/CheckIncludeFiles.c.o  -o cmTryCompileExec4284368026 -rdynamic 
make[1]: Leaving directory `/home/jinwei/cmake/make_tut/mysql-connector-cpp/CMakeFiles/CMakeTmp'


Determining if the include file sys/types.h exists passed with the following output:
Change Dir: /home/jinwei/cmake/make_tut/mysql-connector-cpp/CMakeFiles/CMakeTmp

Run Build Command:/usr/bin/make "cmTryCompileExec199129107/fast"
/usr/bin/make -f CMakeFiles/cmTryCompileExec199129107.dir/build.make CMakeFiles/cmTryCompileExec199129107.dir/build
make[1]: Entering directory `/home/jinwei/cmake/make_tut/mysql-connector-cpp/CMakeFiles/CMakeTmp'
/usr/bin/cmake -E cmake_progress_report /home/jinwei/cmake/make_tut/mysql-connector-cpp/CMakeFiles/CMakeTmp/CMakeFiles 1
Building C object CMakeFiles/cmTryCompileExec199129107.dir/CheckIncludeFile.c.o
/usr/bin/cc    -o CMakeFiles/cmTryCompileExec199129107.dir/CheckIncludeFile.c.o   -c /home/jinwei/cmake/make_tut/mysql-connector-cpp/CMakeFiles/CMakeTmp/CheckIncludeFile.c
Linking C executable cmTryCompileExec199129107
/usr/bin/cmake -E cmake_link_script CMakeFiles/cmTryCompileExec199129107.dir/link.txt --verbose=1
/usr/bin/cc       CMakeFiles/cmTryCompileExec199129107.dir/CheckIncludeFile.c.o  -o cmTryCompileExec199129107 -rdynamic 
make[1]: Leaving directory `/home/jinwei/cmake/make_tut/mysql-connector-cpp/CMakeFiles/CMakeTmp'


Determining if the include file stddef.h exists passed with the following output:
Change Dir: /home/jinwei/cmake/make_tut/mysql-connector-cpp/CMakeFiles/CMakeTmp

Run Build Command:/usr/bin/make "cmTryCompileExec95933033/fast"
/usr/bin/make -f CMakeFiles/cmTryCompileExec95933033.dir/build.make CMakeFiles/cmTryCompileExec95933033.dir/build
make[1]: Entering directory `/home/jinwei/cmake/make_tut/mysql-connector-cpp/CMakeFiles/CMakeTmp'
/usr/bin/cmake -E cmake_progress_report /home/jinwei/cmake/make_tut/mysql-connector-cpp/CMakeFiles/CMakeTmp/CMakeFiles 1
Building C object CMakeFiles/cmTryCompileExec95933033.dir/CheckIncludeFile.c.o
/usr/bin/cc    -o CMakeFiles/cmTryCompileExec95933033.dir/CheckIncludeFile.c.o   -c /home/jinwei/cmake/make_tut/mysql-connector-cpp/CMakeFiles/CMakeTmp/CheckIncludeFile.c
Linking C executable cmTryCompileExec95933033
/usr/bin/cmake -E cmake_link_script CMakeFiles/cmTryCompileExec95933033.dir/link.txt --verbose=1
/usr/bin/cc       CMakeFiles/cmTryCompileExec95933033.dir/CheckIncludeFile.c.o  -o cmTryCompileExec95933033 -rdynamic 
make[1]: Leaving directory `/home/jinwei/cmake/make_tut/mysql-connector-cpp/CMakeFiles/CMakeTmp'


Determining size of int8_t passed with the following output:
Change Dir: /home/jinwei/cmake/make_tut/mysql-connector-cpp/CMakeFiles/CMakeTmp

Run Build Command:/usr/bin/make "cmTryCompileExec4246800745/fast"
/usr/bin/make -f CMakeFiles/cmTryCompileExec4246800745.dir/build.make CMakeFiles/cmTryCompileExec4246800745.dir/build
make[1]: Entering directory `/home/jinwei/cmake/make_tut/mysql-connector-cpp/CMakeFiles/CMakeTmp'
/usr/bin/cmake -E cmake_progress_report /home/jinwei/cmake/make_tut/mysql-connector-cpp/CMakeFiles/CMakeTmp/CMakeFiles 1
Building C object CMakeFiles/cmTryCompileExec4246800745.dir/HAVE_INT8_T.c.o
/usr/bin/cc    -o CMakeFiles/cmTryCompileExec4246800745.dir/HAVE_INT8_T.c.o   -c /home/jinwei/cmake/make_tut/mysql-connector-cpp/CMakeFiles/CheckTypeSize/HAVE_INT8_T.c
Linking C executable cmTryCompileExec4246800745
/usr/bin/cmake -E cmake_link_script CMakeFiles/cmTryCompileExec4246800745.dir/link.txt --verbose=1
/usr/bin/cc       CMakeFiles/cmTryCompileExec4246800745.dir/HAVE_INT8_T.c.o  -o cmTryCompileExec4246800745 -rdynamic 
make[1]: Leaving directory `/home/jinwei/cmake/make_tut/mysql-connector-cpp/CMakeFiles/CMakeTmp'


Determining size of uint8_t passed with the following output:
Change Dir: /home/jinwei/cmake/make_tut/mysql-connector-cpp/CMakeFiles/CMakeTmp

Run Build Command:/usr/bin/make "cmTryCompileExec995690500/fast"
/usr/bin/make -f CMakeFiles/cmTryCompileExec995690500.dir/build.make CMakeFiles/cmTryCompileExec995690500.dir/build
make[1]: Entering directory `/home/jinwei/cmake/make_tut/mysql-connector-cpp/CMakeFiles/CMakeTmp'
/usr/bin/cmake -E cmake_progress_report /home/jinwei/cmake/make_tut/mysql-connector-cpp/CMakeFiles/CMakeTmp/CMakeFiles 1
Building C object CMakeFiles/cmTryCompileExec995690500.dir/HAVE_UINT8_T.c.o
/usr/bin/cc    -o CMakeFiles/cmTryCompileExec995690500.dir/HAVE_UINT8_T.c.o   -c /home/jinwei/cmake/make_tut/mysql-connector-cpp/CMakeFiles/CheckTypeSize/HAVE_UINT8_T.c
Linking C executable cmTryCompileExec995690500
/usr/bin/cmake -E cmake_link_script CMakeFiles/cmTryCompileExec995690500.dir/link.txt --verbose=1
/usr/bin/cc       CMakeFiles/cmTryCompileExec995690500.dir/HAVE_UINT8_T.c.o  -o cmTryCompileExec995690500 -rdynamic 
make[1]: Leaving directory `/home/jinwei/cmake/make_tut/mysql-connector-cpp/CMakeFiles/CMakeTmp'


Determining size of int16_t passed with the following output:
Change Dir: /home/jinwei/cmake/make_tut/mysql-connector-cpp/CMakeFiles/CMakeTmp

Run Build Command:/usr/bin/make "cmTryCompileExec1941421304/fast"
/usr/bin/make -f CMakeFiles/cmTryCompileExec1941421304.dir/build.make CMakeFiles/cmTryCompileExec1941421304.dir/build
make[1]: Entering directory `/home/jinwei/cmake/make_tut/mysql-connector-cpp/CMakeFiles/CMakeTmp'
/usr/bin/cmake -E cmake_progress_report /home/jinwei/cmake/make_tut/mysql-connector-cpp/CMakeFiles/CMakeTmp/CMakeFiles 1
Building C object CMakeFiles/cmTryCompileExec1941421304.dir/HAVE_INT16_T.c.o
/usr/bin/cc    -o CMakeFiles/cmTryCompileExec1941421304.dir/HAVE_INT16_T.c.o   -c /home/jinwei/cmake/make_tut/mysql-connector-cpp/CMakeFiles/CheckTypeSize/HAVE_INT16_T.c
Linking C executable cmTryCompileExec1941421304
/usr/bin/cmake -E cmake_link_script CMakeFiles/cmTryCompileExec1941421304.dir/link.txt --verbose=1
/usr/bin/cc       CMakeFiles/cmTryCompileExec1941421304.dir/HAVE_INT16_T.c.o  -o cmTryCompileExec1941421304 -rdynamic 
make[1]: Leaving directory `/home/jinwei/cmake/make_tut/mysql-connector-cpp/CMakeFiles/CMakeTmp'


Determining size of uint16_t passed with the following output:
Change Dir: /home/jinwei/cmake/make_tut/mysql-connector-cpp/CMakeFiles/CMakeTmp

Run Build Command:/usr/bin/make "cmTryCompileExec2623418044/fast"
/usr/bin/make -f CMakeFiles/cmTryCompileExec2623418044.dir/build.make CMakeFiles/cmTryCompileExec2623418044.dir/build
make[1]: Entering directory `/home/jinwei/cmake/make_tut/mysql-connector-cpp/CMakeFiles/CMakeTmp'
/usr/bin/cmake -E cmake_progress_report /home/jinwei/cmake/make_tut/mysql-connector-cpp/CMakeFiles/CMakeTmp/CMakeFiles 1
Building C object CMakeFiles/cmTryCompileExec2623418044.dir/HAVE_UINT16_T.c.o
/usr/bin/cc    -o CMakeFiles/cmTryCompileExec2623418044.dir/HAVE_UINT16_T.c.o   -c /home/jinwei/cmake/make_tut/mysql-connector-cpp/CMakeFiles/CheckTypeSize/HAVE_UINT16_T.c
Linking C executable cmTryCompileExec2623418044
/usr/bin/cmake -E cmake_link_script CMakeFiles/cmTryCompileExec2623418044.dir/link.txt --verbose=1
/usr/bin/cc       CMakeFiles/cmTryCompileExec2623418044.dir/HAVE_UINT16_T.c.o  -o cmTryCompileExec2623418044 -rdynamic 
make[1]: Leaving directory `/home/jinwei/cmake/make_tut/mysql-connector-cpp/CMakeFiles/CMakeTmp'


Determining size of int32_t passed with the following output:
Change Dir: /home/jinwei/cmake/make_tut/mysql-connector-cpp/CMakeFiles/CMakeTmp

Run Build Command:/usr/bin/make "cmTryCompileExec2710737641/fast"
/usr/bin/make -f CMakeFiles/cmTryCompileExec2710737641.dir/build.make CMakeFiles/cmTryCompileExec2710737641.dir/build
make[1]: Entering directory `/home/jinwei/cmake/make_tut/mysql-connector-cpp/CMakeFiles/CMakeTmp'
/usr/bin/cmake -E cmake_progress_report /home/jinwei/cmake/make_tut/mysql-connector-cpp/CMakeFiles/CMakeTmp/CMakeFiles 1
Building C object CMakeFiles/cmTryCompileExec2710737641.dir/HAVE_INT32_T.c.o
/usr/bin/cc    -o CMakeFiles/cmTryCompileExec2710737641.dir/HAVE_INT32_T.c.o   -c /home/jinwei/cmake/make_tut/mysql-connector-cpp/CMakeFiles/CheckTypeSize/HAVE_INT32_T.c
Linking C executable cmTryCompileExec2710737641
/usr/bin/cmake -E cmake_link_script CMakeFiles/cmTryCompileExec2710737641.dir/link.txt --verbose=1
/usr/bin/cc       CMakeFiles/cmTryCompileExec2710737641.dir/HAVE_INT32_T.c.o  -o cmTryCompileExec2710737641 -rdynamic 
make[1]: Leaving directory `/home/jinwei/cmake/make_tut/mysql-connector-cpp/CMakeFiles/CMakeTmp'


Determining size of uint32_t passed with the following output:
Change Dir: /home/jinwei/cmake/make_tut/mysql-connector-cpp/CMakeFiles/CMakeTmp

Run Build Command:/usr/bin/make "cmTryCompileExec1689836318/fast"
/usr/bin/make -f CMakeFiles/cmTryCompileExec1689836318.dir/build.make CMakeFiles/cmTryCompileExec1689836318.dir/build
make[1]: Entering directory `/home/jinwei/cmake/make_tut/mysql-connector-cpp/CMakeFiles/CMakeTmp'
/usr/bin/cmake -E cmake_progress_report /home/jinwei/cmake/make_tut/mysql-connector-cpp/CMakeFiles/CMakeTmp/CMakeFiles 1
Building C object CMakeFiles/cmTryCompileExec1689836318.dir/HAVE_UINT32_T.c.o
/usr/bin/cc    -o CMakeFiles/cmTryCompileExec1689836318.dir/HAVE_UINT32_T.c.o   -c /home/jinwei/cmake/make_tut/mysql-connector-cpp/CMakeFiles/CheckTypeSize/HAVE_UINT32_T.c
Linking C executable cmTryCompileExec1689836318
/usr/bin/cmake -E cmake_link_script CMakeFiles/cmTryCompileExec1689836318.dir/link.txt --verbose=1
/usr/bin/cc       CMakeFiles/cmTryCompileExec1689836318.dir/HAVE_UINT32_T.c.o  -o cmTryCompileExec1689836318 -rdynamic 
make[1]: Leaving directory `/home/jinwei/cmake/make_tut/mysql-connector-cpp/CMakeFiles/CMakeTmp'


Determining size of int64_t passed with the following output:
Change Dir: /home/jinwei/cmake/make_tut/mysql-connector-cpp/CMakeFiles/CMakeTmp

Run Build Command:/usr/bin/make "cmTryCompileExec3761990033/fast"
/usr/bin/make -f CMakeFiles/cmTryCompileExec3761990033.dir/build.make CMakeFiles/cmTryCompileExec3761990033.dir/build
make[1]: Entering directory `/home/jinwei/cmake/make_tut/mysql-connector-cpp/CMakeFiles/CMakeTmp'
/usr/bin/cmake -E cmake_progress_report /home/jinwei/cmake/make_tut/mysql-connector-cpp/CMakeFiles/CMakeTmp/CMakeFiles 1
Building C object CMakeFiles/cmTryCompileExec3761990033.dir/HAVE_INT64_T.c.o
/usr/bin/cc    -o CMakeFiles/cmTryCompileExec3761990033.dir/HAVE_INT64_T.c.o   -c /home/jinwei/cmake/make_tut/mysql-connector-cpp/CMakeFiles/CheckTypeSize/HAVE_INT64_T.c
Linking C executable cmTryCompileExec3761990033
/usr/bin/cmake -E cmake_link_script CMakeFiles/cmTryCompileExec3761990033.dir/link.txt --verbose=1
/usr/bin/cc       CMakeFiles/cmTryCompileExec3761990033.dir/HAVE_INT64_T.c.o  -o cmTryCompileExec3761990033 -rdynamic 
make[1]: Leaving directory `/home/jinwei/cmake/make_tut/mysql-connector-cpp/CMakeFiles/CMakeTmp'


Determining size of uint64_t passed with the following output:
Change Dir: /home/jinwei/cmake/make_tut/mysql-connector-cpp/CMakeFiles/CMakeTmp

Run Build Command:/usr/bin/make "cmTryCompileExec2257851726/fast"
/usr/bin/make -f CMakeFiles/cmTryCompileExec2257851726.dir/build.make CMakeFiles/cmTryCompileExec2257851726.dir/build
make[1]: Entering directory `/home/jinwei/cmake/make_tut/mysql-connector-cpp/CMakeFiles/CMakeTmp'
/usr/bin/cmake -E cmake_progress_report /home/jinwei/cmake/make_tut/mysql-connector-cpp/CMakeFiles/CMakeTmp/CMakeFiles 1
Building C object CMakeFiles/cmTryCompileExec2257851726.dir/HAVE_UINT64_T.c.o
/usr/bin/cc    -o CMakeFiles/cmTryCompileExec2257851726.dir/HAVE_UINT64_T.c.o   -c /home/jinwei/cmake/make_tut/mysql-connector-cpp/CMakeFiles/CheckTypeSize/HAVE_UINT64_T.c
Linking C executable cmTryCompileExec2257851726
/usr/bin/cmake -E cmake_link_script CMakeFiles/cmTryCompileExec2257851726.dir/link.txt --verbose=1
/usr/bin/cc       CMakeFiles/cmTryCompileExec2257851726.dir/HAVE_UINT64_T.c.o  -o cmTryCompileExec2257851726 -rdynamic 
make[1]: Leaving directory `/home/jinwei/cmake/make_tut/mysql-connector-cpp/CMakeFiles/CMakeTmp'


Determining if the function strtold exists passed with the following output:
Change Dir: /home/jinwei/cmake/make_tut/mysql-connector-cpp/CMakeFiles/CMakeTmp

Run Build Command:/usr/bin/make "cmTryCompileExec1099448058/fast"
/usr/bin/make -f CMakeFiles/cmTryCompileExec1099448058.dir/build.make CMakeFiles/cmTryCompileExec1099448058.dir/build
make[1]: Entering directory `/home/jinwei/cmake/make_tut/mysql-connector-cpp/CMakeFiles/CMakeTmp'
/usr/bin/cmake -E cmake_progress_report /home/jinwei/cmake/make_tut/mysql-connector-cpp/CMakeFiles/CMakeTmp/CMakeFiles 1
Building C object CMakeFiles/cmTryCompileExec1099448058.dir/CheckFunctionExists.c.o
/usr/bin/cc   -DCHECK_FUNCTION_EXISTS=strtold   -o CMakeFiles/cmTryCompileExec1099448058.dir/CheckFunctionExists.c.o   -c /usr/share/cmake-2.8/Modules/CheckFunctionExists.c
Linking C executable cmTryCompileExec1099448058
/usr/bin/cmake -E cmake_link_script CMakeFiles/cmTryCompileExec1099448058.dir/link.txt --verbose=1
/usr/bin/cc   -DCHECK_FUNCTION_EXISTS=strtold    CMakeFiles/cmTryCompileExec1099448058.dir/CheckFunctionExists.c.o  -o cmTryCompileExec1099448058 -rdynamic 
make[1]: Leaving directory `/home/jinwei/cmake/make_tut/mysql-connector-cpp/CMakeFiles/CMakeTmp'


Determining if the function strtol exists passed with the following output:
Change Dir: /home/jinwei/cmake/make_tut/mysql-connector-cpp/CMakeFiles/CMakeTmp

Run Build Command:/usr/bin/make "cmTryCompileExec2161002543/fast"
/usr/bin/make -f CMakeFiles/cmTryCompileExec2161002543.dir/build.make CMakeFiles/cmTryCompileExec2161002543.dir/build
make[1]: Entering directory `/home/jinwei/cmake/make_tut/mysql-connector-cpp/CMakeFiles/CMakeTmp'
/usr/bin/cmake -E cmake_progress_report /home/jinwei/cmake/make_tut/mysql-connector-cpp/CMakeFiles/CMakeTmp/CMakeFiles 1
Building C object CMakeFiles/cmTryCompileExec2161002543.dir/CheckFunctionExists.c.o
/usr/bin/cc   -DCHECK_FUNCTION_EXISTS=strtol   -o CMakeFiles/cmTryCompileExec2161002543.dir/CheckFunctionExists.c.o   -c /usr/share/cmake-2.8/Modules/CheckFunctionExists.c
Linking C executable cmTryCompileExec2161002543
/usr/bin/cmake -E cmake_link_script CMakeFiles/cmTryCompileExec2161002543.dir/link.txt --verbose=1
/usr/bin/cc   -DCHECK_FUNCTION_EXISTS=strtol    CMakeFiles/cmTryCompileExec2161002543.dir/CheckFunctionExists.c.o  -o cmTryCompileExec2161002543 -rdynamic 
make[1]: Leaving directory `/home/jinwei/cmake/make_tut/mysql-connector-cpp/CMakeFiles/CMakeTmp'


Determining if the function strtoll exists passed with the following output:
Change Dir: /home/jinwei/cmake/make_tut/mysql-connector-cpp/CMakeFiles/CMakeTmp

Run Build Command:/usr/bin/make "cmTryCompileExec530892979/fast"
/usr/bin/make -f CMakeFiles/cmTryCompileExec530892979.dir/build.make CMakeFiles/cmTryCompileExec530892979.dir/build
make[1]: Entering directory `/home/jinwei/cmake/make_tut/mysql-connector-cpp/CMakeFiles/CMakeTmp'
/usr/bin/cmake -E cmake_progress_report /home/jinwei/cmake/make_tut/mysql-connector-cpp/CMakeFiles/CMakeTmp/CMakeFiles 1
Building C object CMakeFiles/cmTryCompileExec530892979.dir/CheckFunctionExists.c.o
/usr/bin/cc   -DCHECK_FUNCTION_EXISTS=strtoll   -o CMakeFiles/cmTryCompileExec530892979.dir/CheckFunctionExists.c.o   -c /usr/share/cmake-2.8/Modules/CheckFunctionExists.c
Linking C executable cmTryCompileExec530892979
/usr/bin/cmake -E cmake_link_script CMakeFiles/cmTryCompileExec530892979.dir/link.txt --verbose=1
/usr/bin/cc   -DCHECK_FUNCTION_EXISTS=strtoll    CMakeFiles/cmTryCompileExec530892979.dir/CheckFunctionExists.c.o  -o cmTryCompileExec530892979 -rdynamic 
make[1]: Leaving directory `/home/jinwei/cmake/make_tut/mysql-connector-cpp/CMakeFiles/CMakeTmp'


Determining if the function strtoul exists passed with the following output:
Change Dir: /home/jinwei/cmake/make_tut/mysql-connector-cpp/CMakeFiles/CMakeTmp

Run Build Command:/usr/bin/make "cmTryCompileExec1250585840/fast"
/usr/bin/make -f CMakeFiles/cmTryCompileExec1250585840.dir/build.make CMakeFiles/cmTryCompileExec1250585840.dir/build
make[1]: Entering directory `/home/jinwei/cmake/make_tut/mysql-connector-cpp/CMakeFiles/CMakeTmp'
/usr/bin/cmake -E cmake_progress_report /home/jinwei/cmake/make_tut/mysql-connector-cpp/CMakeFiles/CMakeTmp/CMakeFiles 1
Building C object CMakeFiles/cmTryCompileExec1250585840.dir/CheckFunctionExists.c.o
/usr/bin/cc   -DCHECK_FUNCTION_EXISTS=strtoul   -o CMakeFiles/cmTryCompileExec1250585840.dir/CheckFunctionExists.c.o   -c /usr/share/cmake-2.8/Modules/CheckFunctionExists.c
Linking C executable cmTryCompileExec1250585840
/usr/bin/cmake -E cmake_link_script CMakeFiles/cmTryCompileExec1250585840.dir/link.txt --verbose=1
/usr/bin/cc   -DCHECK_FUNCTION_EXISTS=strtoul    CMakeFiles/cmTryCompileExec1250585840.dir/CheckFunctionExists.c.o  -o cmTryCompileExec1250585840 -rdynamic 
make[1]: Leaving directory `/home/jinwei/cmake/make_tut/mysql-connector-cpp/CMakeFiles/CMakeTmp'


Determining if the function strtoull exists passed with the following output:
Change Dir: /home/jinwei/cmake/make_tut/mysql-connector-cpp/CMakeFiles/CMakeTmp

Run Build Command:/usr/bin/make "cmTryCompileExec27368566/fast"
/usr/bin/make -f CMakeFiles/cmTryCompileExec27368566.dir/build.make CMakeFiles/cmTryCompileExec27368566.dir/build
make[1]: Entering directory `/home/jinwei/cmake/make_tut/mysql-connector-cpp/CMakeFiles/CMakeTmp'
/usr/bin/cmake -E cmake_progress_report /home/jinwei/cmake/make_tut/mysql-connector-cpp/CMakeFiles/CMakeTmp/CMakeFiles 1
Building C object CMakeFiles/cmTryCompileExec27368566.dir/CheckFunctionExists.c.o
/usr/bin/cc   -DCHECK_FUNCTION_EXISTS=strtoull   -o CMakeFiles/cmTryCompileExec27368566.dir/CheckFunctionExists.c.o   -c /usr/share/cmake-2.8/Modules/CheckFunctionExists.c
Linking C executable cmTryCompileExec27368566
/usr/bin/cmake -E cmake_link_script CMakeFiles/cmTryCompileExec27368566.dir/link.txt --verbose=1
/usr/bin/cc   -DCHECK_FUNCTION_EXISTS=strtoull    CMakeFiles/cmTryCompileExec27368566.dir/CheckFunctionExists.c.o  -o cmTryCompileExec27368566 -rdynamic 
make[1]: Leaving directory `/home/jinwei/cmake/make_tut/mysql-connector-cpp/CMakeFiles/CMakeTmp'


Determining if the function strtoimax exists passed with the following output:
Change Dir: /home/jinwei/cmake/make_tut/mysql-connector-cpp/CMakeFiles/CMakeTmp

Run Build Command:/usr/bin/make "cmTryCompileExec2308168703/fast"
/usr/bin/make -f CMakeFiles/cmTryCompileExec2308168703.dir/build.make CMakeFiles/cmTryCompileExec2308168703.dir/build
make[1]: Entering directory `/home/jinwei/cmake/make_tut/mysql-connector-cpp/CMakeFiles/CMakeTmp'
/usr/bin/cmake -E cmake_progress_report /home/jinwei/cmake/make_tut/mysql-connector-cpp/CMakeFiles/CMakeTmp/CMakeFiles 1
Building C object CMakeFiles/cmTryCompileExec2308168703.dir/CheckFunctionExists.c.o
/usr/bin/cc   -DCHECK_FUNCTION_EXISTS=strtoimax   -o CMakeFiles/cmTryCompileExec2308168703.dir/CheckFunctionExists.c.o   -c /usr/share/cmake-2.8/Modules/CheckFunctionExists.c
Linking C executable cmTryCompileExec2308168703
/usr/bin/cmake -E cmake_link_script CMakeFiles/cmTryCompileExec2308168703.dir/link.txt --verbose=1
/usr/bin/cc   -DCHECK_FUNCTION_EXISTS=strtoimax    CMakeFiles/cmTryCompileExec2308168703.dir/CheckFunctionExists.c.o  -o cmTryCompileExec2308168703 -rdynamic 
make[1]: Leaving directory `/home/jinwei/cmake/make_tut/mysql-connector-cpp/CMakeFiles/CMakeTmp'


Determining if the function strtoumax exists passed with the following output:
Change Dir: /home/jinwei/cmake/make_tut/mysql-connector-cpp/CMakeFiles/CMakeTmp

Run Build Command:/usr/bin/make "cmTryCompileExec4247811281/fast"
/usr/bin/make -f CMakeFiles/cmTryCompileExec4247811281.dir/build.make CMakeFiles/cmTryCompileExec4247811281.dir/build
make[1]: Entering directory `/home/jinwei/cmake/make_tut/mysql-connector-cpp/CMakeFiles/CMakeTmp'
/usr/bin/cmake -E cmake_progress_report /home/jinwei/cmake/make_tut/mysql-connector-cpp/CMakeFiles/CMakeTmp/CMakeFiles 1
Building C object CMakeFiles/cmTryCompileExec4247811281.dir/CheckFunctionExists.c.o
/usr/bin/cc   -DCHECK_FUNCTION_EXISTS=strtoumax   -o CMakeFiles/cmTryCompileExec4247811281.dir/CheckFunctionExists.c.o   -c /usr/share/cmake-2.8/Modules/CheckFunctionExists.c
Linking C executable cmTryCompileExec4247811281
/usr/bin/cmake -E cmake_link_script CMakeFiles/cmTryCompileExec4247811281.dir/link.txt --verbose=1
/usr/bin/cc   -DCHECK_FUNCTION_EXISTS=strtoumax    CMakeFiles/cmTryCompileExec4247811281.dir/CheckFunctionExists.c.o  -o cmTryCompileExec4247811281 -rdynamic 
make[1]: Leaving directory `/home/jinwei/cmake/make_tut/mysql-connector-cpp/CMakeFiles/CMakeTmp'


